<?xml version="1.0" encoding="UTF-8"?>
<testsuite name="WordTest" tests="9" skipped="0" failures="0" errors="0" timestamp="2016-05-04T15:09:16" hostname="Peters-MacBook-Pro.local" time="0.004">
  <properties/>
  <testcase name="Word_instantiates_true" classname="WordTest" time="0.0"/>
  <testcase name="addDefinition_addsDefinitionToList_true" classname="WordTest" time="0.0"/>
  <testcase name="getDefinition_initiallyReturnsEmptyList_ArrayList" classname="WordTest" time="0.0"/>
  <testcase name="Clear_emptiesWordsFromList_0" classname="WordTest" time="0.001"/>
  <testcase name="GetId_WordInstantiateWithAnID_1" classname="WordTest" time="0.001"/>
  <testcase name="find_returnsNullWhenNoWordFound_null" classname="WordTest" time="0.0"/>
  <testcase name="Find_returnsWordWithCorrectId_secondWord" classname="WordTest" time="0.0"/>
  <testcase name="Word_WithSpelling_String" classname="WordTest" time="0.0"/>
  <testcase name="Word_ReturnAllWords_true" classname="WordTest" time="0.0"/>
  <system-out><![CDATA[]]></system-out>
  <system-err><![CDATA[]]></system-err>
</testsuite>
