<?xml version="1.0" encoding="UTF-8"?>
<testsuite name="DefinitionTest" tests="7" skipped="0" failures="0" errors="0" timestamp="2016-05-04T15:09:16" hostname="Peters-MacBook-Pro.local" time="0.004">
  <properties/>
  <testcase name="clear_emptiesDefinitionsFromList_0" classname="DefinitionTest" time="0.0"/>
  <testcase name="getId_DefinitionInstantiateWithAnID_1" classname="DefinitionTest" time="0.0"/>
  <testcase name="find_returnsNullWhenNoDefinitionFound_null" classname="DefinitionTest" time="0.0"/>
  <testcase name="find_returnsDefinitionWithCorrectId_secondDefinition" classname="DefinitionTest" time="0.001"/>
  <testcase name="definition_GetMeaning_String" classname="DefinitionTest" time="0.0"/>
  <testcase name="definition_instantiates_true" classname="DefinitionTest" time="0.0"/>
  <testcase name="definition_ReturnAllDefinitionsOfWord_true" classname="DefinitionTest" time="0.0"/>
  <system-out><![CDATA[]]></system-out>
  <system-err><![CDATA[]]></system-err>
</testsuite>
