<?xml version="1.0" encoding="UTF-8"?>
<testsuite name="WordTest" tests="2" skipped="0" failures="0" errors="0" timestamp="2016-04-29T16:22:31" hostname="epicodus-51.local" time="0.001">
  <properties/>
  <testcase name="Word_instantiates_true" classname="WordTest" time="0.001"/>
  <testcase name="Word_WithSpelling_String" classname="WordTest" time="0.0"/>
  <system-out><![CDATA[]]></system-out>
  <system-err><![CDATA[]]></system-err>
</testsuite>
